apps/web/__tests__/example.test.tsx(6,32): error TS2307: Cannot find module '@testing-library/react' or its corresponding type declarations.
apps/web/__tests__/example.test.tsx(10,10): error TS7026: JSX element implicitly has type 'any' because no interface 'JSX.IntrinsicElements' exists.
apps/web/__tests__/example.test.tsx(10,28): error TS7026: JSX element implicitly has type 'any' because no interface 'JSX.IntrinsicElements' exists.
apps/web/__tests__/example.test.tsx(13,1): error TS2582: Cannot find name 'describe'. Do you need to install type definitions for a test runner? Try `npm i --save-dev @types/jest` or `npm i --save-dev @types/mocha`.
apps/web/__tests__/example.test.tsx(14,3): error TS2582: Cannot find name 'it'. Do you need to install type definitions for a test runner? Try `npm i --save-dev @types/jest` or `npm i --save-dev @types/mocha`.
apps/web/__tests__/example.test.tsx(15,5): error TS2304: Cannot find name 'expect'.
apps/web/__tests__/example.test.tsx(18,3): error TS2582: Cannot find name 'it'. Do you need to install type definitions for a test runner? Try `npm i --save-dev @types/jest` or `npm i --save-dev @types/mocha`.
apps/web/__tests__/example.test.tsx(20,5): error TS2304: Cannot find name 'expect'.
apps/web/__tests__/example.test.tsx(23,3): error TS2582: Cannot find name 'it'. Do you need to install type definitions for a test runner? Try `npm i --save-dev @types/jest` or `npm i --save-dev @types/mocha`.
apps/web/__tests__/example.test.tsx(25,11): error TS2304: Cannot find name 'expect'.
apps/web/playwright.config.ts(1,39): error TS2307: Cannot find module '@playwright/test' or its corresponding type declarations.
apps/web/playwright.config.ts(14,17): error TS2580: Cannot find name 'process'. Do you need to install type definitions for node? Try `npm i --save-dev @types/node`.
apps/web/playwright.config.ts(15,12): error TS2580: Cannot find name 'process'. Do you need to install type definitions for node? Try `npm i --save-dev @types/node`.
apps/web/playwright.config.ts(16,12): error TS2580: Cannot find name 'process'. Do you need to install type definitions for node? Try `npm i --save-dev @types/node`.
apps/web/playwright.config.ts(35,7): error TS2580: Cannot find name 'process'. Do you need to install type definitions for node? Try `npm i --save-dev @types/node`.
apps/web/public/assets/images/auth/AuthBackground.tsx(4,26): error TS2307: Cannot find module '@mui/material/styles' or its corresponding type declarations.
apps/web/public/assets/images/auth/AuthBackground.tsx(5,17): error TS2307: Cannot find module '@mui/material/Box' or its corresponding type declarations.
apps/web/src/api/_middleware.ts(1,43): error TS2307: Cannot find module 'next/server' or its corresponding type declarations.
apps/web/src/api/address.ts(1,32): error TS2307: Cannot find module 'swr' or its corresponding type declarations.
apps/web/src/api/address.ts(2,25): error TS7016: Could not find a declaration file for module 'react'. '/workspace/node_modules/react/index.js' implicitly has an 'any' type.
  Try `npm i --save-dev @types/react` if it exists or add a new declaration (.d.ts) file containing `declare module 'react';`
apps/web/src/api/cart.ts(1,25): error TS7016: Could not find a declaration file for module 'react'. '/workspace/node_modules/react/index.js' implicitly has an 'any' type.
  Try `npm i --save-dev @types/react` if it exists or add a new declaration (.d.ts) file containing `declare module 'react';`
apps/web/src/api/cart.ts(2,24): error TS7016: Could not find a declaration file for module 'lodash'. '/workspace/node_modules/lodash/lodash.js' implicitly has an 'any' type.
  Try `npm i --save-dev @types/lodash` if it exists or add a new declaration (.d.ts) file containing `declare module 'lodash';`
apps/web/src/api/cart.ts(3,24): error TS2307: Cannot find module 'chance' or its corresponding type declarations.
apps/web/src/api/cart.ts(4,32): error TS2307: Cannot find module 'swr' or its corresponding type declarations.
apps/web/src/api/cart.ts(42,17): error TS7006: Parameter 'data' implicitly has an 'any' type.
apps/web/src/api/cart.ts(143,38): error TS7006: Parameter 'item' implicitly has an 'any' type.
apps/web/src/api/chat.ts(1,32): error TS2307: Cannot find module 'swr' or its corresponding type declarations.
apps/web/src/api/chat.ts(2,25): error TS7016: Could not find a declaration file for module 'react'. '/workspace/node_modules/react/index.js' implicitly has an 'any' type.
  Try `npm i --save-dev @types/react` if it exists or add a new declaration (.d.ts) file containing `declare module 'react';`
apps/web/src/api/customer.ts(1,32): error TS2307: Cannot find module 'swr' or its corresponding type declarations.
apps/web/src/api/customer.ts(2,25): error TS7016: Could not find a declaration file for module 'react'. '/workspace/node_modules/react/index.js' implicitly has an 'any' type.
  Try `npm i --save-dev @types/react` if it exists or add a new declaration (.d.ts) file containing `declare module 'react';`
apps/web/src/api/eligibility.ts(252,7): error TS2353: Object literal may only specify known properties, and 'params' does not exist in type 'HttpRequestConfig'.
apps/web/src/api/eligibility.ts(293,33): error TS2353: Object literal may only specify known properties, and 'params' does not exist in type 'HttpRequestConfig'.
apps/web/src/api/eligibility.ts(308,39): error TS2353: Object literal may only specify known properties, and 'params' does not exist in type 'HttpRequestConfig'.
apps/web/src/api/eligibility.ts(389,7): error TS2353: Object literal may only specify known properties, and 'params' does not exist in type 'HttpRequestConfig'.
apps/web/src/api/generate-pdf.ts(1,49): error TS2307: Cannot find module 'next' or its corresponding type declarations.
apps/web/src/api/generate-pdf.ts(2,23): error TS2307: Cannot find module 'puppeteer' or its corresponding type declarations.
apps/web/src/api/invoice.ts(1,32): error TS2307: Cannot find module 'swr' or its corresponding type declarations.
apps/web/src/api/invoice.ts(2,25): error TS7016: Could not find a declaration file for module 'react'. '/workspace/node_modules/react/index.js' implicitly has an 'any' type.
  Try `npm i --save-dev @types/react` if it exists or add a new declaration (.d.ts) file containing `declare module 'react';`
apps/web/src/api/kanban.ts(1,25): error TS7016: Could not find a declaration file for module 'react'. '/workspace/node_modules/react/index.js' implicitly has an 'any' type.
  Try `npm i --save-dev @types/react` if it exists or add a new declaration (.d.ts) file containing `declare module 'react';`
apps/web/src/api/kanban.ts(2,32): error TS2307: Cannot find module 'swr' or its corresponding type declarations.
apps/web/src/api/menu.ts(1,32): error TS2307: Cannot find module 'swr' or its corresponding type declarations.
apps/web/src/api/menu.ts(2,25): error TS7016: Could not find a declaration file for module 'react'. '/workspace/node_modules/react/index.js' implicitly has an 'any' type.
  Try `npm i --save-dev @types/react` if it exists or add a new declaration (.d.ts) file containing `declare module 'react';`
apps/web/src/api/products.ts(1,25): error TS7016: Could not find a declaration file for module 'react'. '/workspace/node_modules/react/index.js' implicitly has an 'any' type.
  Try `npm i --save-dev @types/react` if it exists or add a new declaration (.d.ts) file containing `declare module 'react';`
apps/web/src/api/products.ts(4,32): error TS2307: Cannot find module 'swr' or its corresponding type declarations.
apps/web/src/api/qapi.ts(17,3): error TS6196: 'UpdateTagRequest' is declared but never used.
apps/web/src/api/qapi.ts(26,3): error TS6196: 'UpdateMetricValueRequest' is declared but never used.
apps/web/src/api/qapi.ts(33,3): error TS6196: 'UpdateInitiativeMetricRequest' is declared but never used.
apps/web/src/api/qapi.ts(36,3): error TS6196: 'UpdateMetricSnapshotRequest' is declared but never used.
apps/web/src/api/qapi.ts(39,3): error TS6196: 'UpdateInitiativeDependencyRequest' is declared but never used.
apps/web/src/api/snackbar.ts(1,25): error TS7016: Could not find a declaration file for module 'react'. '/workspace/node_modules/react/index.js' implicitly has an 'any' type.
  Try `npm i --save-dev @types/react` if it exists or add a new declaration (.d.ts) file containing `declare module 'react';`
apps/web/src/api/snackbar.ts(2,32): error TS2307: Cannot find module 'swr' or its corresponding type declarations.
apps/web/src/app/(auth)/auth/callback/page.tsx(3,37): error TS7016: Could not find a declaration file for module 'react'. '/workspace/node_modules/react/index.js' implicitly has an 'any' type.
  Try `npm i --save-dev @types/react` if it exists or add a new declaration (.d.ts) file containing `declare module 'react';`
apps/web/src/app/(auth)/auth/callback/page.tsx(4,44): error TS2307: Cannot find module 'next/navigation' or its corresponding type declarations.
apps/web/src/app/(auth)/auth/callback/page.tsx(5,17): error TS2307: Cannot find module '@mui/material/Box' or its corresponding type declarations.
apps/web/src/app/(auth)/auth/callback/page.tsx(6,30): error TS2307: Cannot find module '@mui/material/CircularProgress' or its corresponding type declarations.
apps/web/src/app/(auth)/auth/callback/page.tsx(7,24): error TS2307: Cannot find module '@mui/material/Typography' or its corresponding type declarations.
apps/web/src/app/(auth)/auth/callback/page.tsx(8,19): error TS2307: Cannot find module '@mui/material/Alert' or its corresponding type declarations.
apps/web/src/app/(auth)/auth/callback/page.tsx(9,20): error TS2307: Cannot find module '@mui/material/Button' or its corresponding type declarations.
apps/web/src/app/(auth)/layout.tsx(2,19): error TS7016: Could not find a declaration file for module 'react'. '/workspace/node_modules/react/index.js' implicitly has an 'any' type.
  Try `npm i --save-dev @types/react` if it exists or add a new declaration (.d.ts) file containing `declare module 'react';`
apps/web/src/app/(auth)/layout.tsx(8,11): error TS2741: Property 'children' is missing in type '{}' but required in type 'GuardProps'.
apps/web/src/app/(blank)/layout.tsx(3,58): error TS2503: Cannot find namespace 'React'.
apps/web/src/app/(dashboard)/encounters/[id]/page.tsx(3,27): error TS2307: Cannot find module 'next/navigation' or its corresponding type declarations.
apps/web/src/app/(dashboard)/idg-meetings/[id]/page.tsx(3,27): error TS2307: Cannot find module 'next/navigation' or its corresponding type declarations.
apps/web/src/app/(dashboard)/layout.tsx(7,58): error TS2503: Cannot find namespace 'React'.
apps/web/src/app/(dashboard)/layout.tsx(9,6): error TS2741: Property 'children' is missing in type '{}' but required in type 'GuardProps'.
apps/web/src/app/(dashboard)/layout.tsx(10,8): error TS2741: Property 'children' is missing in type '{}' but required in type '{ children: ReactNode; }'.
apps/web/src/app/(dashboard)/nursing-notes/[patientId]/[noteId]/page.tsx(12,50): error TS7016: Could not find a declaration file for module 'react'. '/workspace/node_modules/react/index.js' implicitly has an 'any' type.
  Try `npm i --save-dev @types/react` if it exists or add a new declaration (.d.ts) file containing `declare module 'react';`
apps/web/src/app/(dashboard)/nursing-notes/[patientId]/[noteId]/page.tsx(13,55): error TS2307: Cannot find module 'next/navigation' or its corresponding type declarations.
apps/web/src/app/(dashboard)/nursing-notes/[patientId]/[noteId]/page.tsx(32,8): error TS2307: Cannot find module '@mui/material' or its corresponding type declarations.
apps/web/src/app/(dashboard)/nursing-notes/[patientId]/[noteId]/page.tsx(39,8): error TS2307: Cannot find module '@mui/icons-material' or its corresponding type declarations.
apps/web/src/app/(dashboard)/nursing-notes/[patientId]/[noteId]/page.tsx(40,19): error TS2307: Cannot find module 'dayjs' or its corresponding type declarations.
apps/web/src/app/(dashboard)/nursing-notes/[patientId]/[noteId]/page.tsx(44,1): error TS6133: 'RichTextEditor' is declared but its value is never read.
apps/web/src/app/(dashboard)/nursing-notes/[patientId]/[noteId]/page.tsx(64,46): error TS6133: 'updateNote' is declared but its value is never read.
apps/web/src/app/(dashboard)/nursing-notes/[patientId]/[noteId]/page.tsx(91,19): error TS7006: Parameter 'prev' implicitly has an 'any' type.
apps/web/src/app/(dashboard)/nursing-notes/[patientId]/[noteId]/page.tsx(512,15): error TS7026: JSX element implicitly has type 'any' because no interface 'JSX.IntrinsicElements' exists.
apps/web/src/app/(dashboard)/nursing-notes/[patientId]/[noteId]/page.tsx(534,28): error TS7006: Parameter 'e' implicitly has an 'any' type.
apps/web/src/app/(dashboard)/nursing-notes/[patientId]/[noteId]/page.tsx(561,22): error TS2307: Cannot find module '@mui/material' or its corresponding type declarations.
apps/web/src/app/(dashboard)/nursing-notes/[patientId]/page.tsx(13,39): error TS7016: Could not find a declaration file for module 'react'. '/workspace/node_modules/react/index.js' implicitly has an 'any' type.
  Try `npm i --save-dev @types/react` if it exists or add a new declaration (.d.ts) file containing `declare module 'react';`
apps/web/src/app/(dashboard)/nursing-notes/[patientId]/page.tsx(14,38): error TS2307: Cannot find module 'next/navigation' or its corresponding type declarations.
apps/web/src/app/(dashboard)/nursing-notes/[patientId]/page.tsx(27,8): error TS2307: Cannot find module '@mui/material' or its corresponding type declarations.
apps/web/src/app/(dashboard)/nursing-notes/[patientId]/page.tsx(32,8): error TS2307: Cannot find module '@mui/icons-material' or its corresponding type declarations.
apps/web/src/app/(dashboard)/patients/encounters/[patientId]/[encounterId]/page.tsx(3,27): error TS2307: Cannot find module 'next/navigation' or its corresponding type declarations.
apps/web/src/app/(dashboard)/patients/nursing-clinical-note/[id]/page.tsx(2,1): error TS6133: 'EdithPatientPagePage' is declared but its value is never read.
apps/web/src/app/(dashboard)/patients/nursing-clinical-note/[noteId].tsx(1,27): error TS2307: Cannot find module 'next/navigation' or its corresponding type declarations.
apps/web/src/app/(simple)/layout.tsx(6,58): error TS2503: Cannot find namespace 'React'.
apps/web/src/app/(simple)/layout.tsx(7,11): error TS2741: Property 'children' is missing in type '{}' but required in type 'Props'.
apps/web/src/app/ProviderWrapper.tsx(3,30): error TS7016: Could not find a declaration file for module 'react'. '/workspace/node_modules/react/index.js' implicitly has an 'any' type.
  Try `npm i --save-dev @types/react` if it exists or add a new declaration (.d.ts) file containing `declare module 'react';`
apps/web/src/app/ProviderWrapper.tsx(22,6): error TS2741: Property 'children' is missing in type '{}' but required in type 'ConfigProviderProps'.
apps/web/src/app/ProviderWrapper.tsx(23,8): error TS2741: Property 'children' is missing in type '{}' but required in type 'AbilityProviderProps'.
apps/web/src/app/ProviderWrapper.tsx(24,10): error TS2741: Property 'children' is missing in type '{ autoConnect: true; connectNamespaces: ("main" | "notifications")[]; }' but required in type 'SocketProviderProps'.
apps/web/src/app/ProviderWrapper.tsx(25,12): error TS2741: Property 'children' is missing in type '{}' but required in type 'ThemeCustomizationProps'.
apps/web/src/app/ProviderWrapper.tsx(26,14): error TS2741: Property 'children' is missing in type '{}' but required in type 'Props'.
apps/web/src/app/ProviderWrapper.tsx(27,16): error TS2741: Property 'children' is missing in type '{}' but required in type 'Props'.
apps/web/src/app/ProviderWrapper.tsx(28,18): error TS2741: Property 'children' is missing in type '{}' but required in type '{ children: any; }'.
apps/web/src/app/ProviderWrapper.tsx(29,20): error TS2741: Property 'children' is missing in type '{}' but required in type '{ children: ReactNode; }'.
apps/web/src/app/[...not_found]/page.tsx(1,26): error TS2307: Cannot find module 'next/navigation' or its corresponding type declarations.
apps/web/src/app/api/his-pdf/generate-his-pdf/route.ts(1,30): error TS2307: Cannot find module 'next/server' or its corresponding type declarations.
apps/web/src/app/api/his-pdf/generate-his-pdf/route.ts(2,25): error TS2307: Cannot find module 'next/headers' or its corresponding type declarations.
apps/web/src/app/api/his-pdf/generate-his-pdf/route.ts(5,18): error TS2580: Cannot find name 'process'. Do you need to install type definitions for node? Try `npm i --save-dev @types/node`.
apps/web/src/app/error.tsx(4,18): error TS2307: Cannot find module 'next/link' or its corresponding type declarations.
apps/web/src/app/error.tsx(5,19): error TS2307: Cannot find module 'next/image' or its corresponding type declarations.
apps/web/src/app/error.tsx(8,26): error TS2307: Cannot find module '@mui/material/styles' or its corresponding type declarations.
apps/web/src/app/error.tsx(9,27): error TS2307: Cannot find module '@mui/material/useMediaQuery' or its corresponding type declarations.
apps/web/src/app/error.tsx(10,17): error TS2307: Cannot find module '@mui/material/Box' or its corresponding type declarations.
apps/web/src/app/error.tsx(11,20): error TS2307: Cannot find module '@mui/material/Button' or its corresponding type declarations.
apps/web/src/app/error.tsx(12,18): error TS2307: Cannot find module '@mui/material/Grid' or its corresponding type declarations.
apps/web/src/app/error.tsx(13,19): error TS2307: Cannot find module '@mui/material/Stack' or its corresponding type declarations.
apps/web/src/app/error.tsx(14,24): error TS2307: Cannot find module '@mui/material/Typography' or its corresponding type declarations.
apps/web/src/app/layout.tsx(1,41): error TS2307: Cannot find module 'next' or its corresponding type declarations.
apps/web/src/app/layout.tsx(28,62): error TS2503: Cannot find namespace 'React'.
apps/web/src/app/layout.tsx(30,5): error TS7026: JSX element implicitly has type 'any' because no interface 'JSX.IntrinsicElements' exists.
apps/web/src/app/layout.tsx(31,7): error TS7026: JSX element implicitly has type 'any' because no interface 'JSX.IntrinsicElements' exists.
apps/web/src/app/layout.tsx(32,10): error TS2741: Property 'children' is missing in type '{}' but required in type '{ children: ReactElement; }'.
apps/web/src/app/layout.tsx(33,7): error TS7026: JSX element implicitly has type 'any' because no interface 'JSX.IntrinsicElements' exists.
apps/web/src/app/layout.tsx(34,5): error TS7026: JSX element implicitly has type 'any' because no interface 'JSX.IntrinsicElements' exists.
apps/web/src/app/page.tsx(7,6): error TS2741: Property 'children' is missing in type '{}' but required in type 'GuardProps'.
apps/web/src/components/@extended/AnimateButton.tsx(3,27): error TS7016: Could not find a declaration file for module 'react'. '/workspace/node_modules/react/index.js' implicitly has an 'any' type.
  Try `npm i --save-dev @types/react` if it exists or add a new declaration (.d.ts) file containing `declare module 'react';`
apps/web/src/components/@extended/AnimateButton.tsx(6,34): error TS2307: Cannot find module 'framer-motion' or its corresponding type declarations.
apps/web/src/components/@extended/Avatar.tsx(3,27): error TS7016: Could not find a declaration file for module 'react'. '/workspace/node_modules/react/index.js' implicitly has an 'any' type.
  Try `npm i --save-dev @types/react` if it exists or add a new declaration (.d.ts) file containing `declare module 'react';`
apps/web/src/components/@extended/Avatar.tsx(6,41): error TS2307: Cannot find module '@mui/material/styles' or its corresponding type declarations.
apps/web/src/components/@extended/Avatar.tsx(7,40): error TS2307: Cannot find module '@mui/material/Avatar' or its corresponding type declarations.
apps/web/src/components/@extended/Avatar.tsx(134,61): error TS7006: Parameter 'prop' implicitly has an 'any' type.
apps/web/src/components/@extended/Avatar.tsx(153,34): error TS2339: Property 'variant' does not exist on type 'Props'.
apps/web/src/components/@extended/Breadcrumbs.tsx(3,66): error TS7016: Could not find a declaration file for module 'react'. '/workspace/node_modules/react/index.js' implicitly has an 'any' type.
  Try `npm i --save-dev @types/react` if it exists or add a new declaration (.d.ts) file containing `declare module 'react';`
apps/web/src/components/@extended/Breadcrumbs.tsx(6,22): error TS2307: Cannot find module 'next/link' or its corresponding type declarations.
apps/web/src/components/@extended/Breadcrumbs.tsx(7,29): error TS2307: Cannot find module 'next/navigation' or its corresponding type declarations.
apps/web/src/components/@extended/Breadcrumbs.tsx(10,26): error TS2307: Cannot find module '@mui/material/styles' or its corresponding type declarations.
apps/web/src/components/@extended/Breadcrumbs.tsx(11,21): error TS2307: Cannot find module '@mui/material/Divider' or its corresponding type declarations.
apps/web/src/components/@extended/Breadcrumbs.tsx(12,18): error TS2307: Cannot find module '@mui/material/Grid' or its corresponding type declarations.
apps/web/src/components/@extended/Breadcrumbs.tsx(13,24): error TS2307: Cannot find module '@mui/material/Typography' or its corresponding type declarations.
apps/web/src/components/@extended/Breadcrumbs.tsx(14,28): error TS2307: Cannot find module '@mui/material/Breadcrumbs' or its corresponding type declarations.
apps/web/src/components/@extended/Breadcrumbs.tsx(21,48): error TS2307: Cannot find module 'iconsax-react' or its corresponding type declarations.
apps/web/src/components/@extended/CanAccess.tsx(3,27): error TS7016: Could not find a declaration file for module 'react'. '/workspace/node_modules/react/index.js' implicitly has an 'any' type.
  Try `npm i --save-dev @types/react` if it exists or add a new declaration (.d.ts) file containing `declare module 'react';`
apps/web/src/components/@extended/CanAccess.tsx(5,41): error TS2307: Cannot find module '@chartwarden/types' or its corresponding type declarations.
apps/web/src/components/@extended/CanAccess.tsx(136,21): error TS2503: Cannot find namespace 'React'.
apps/web/src/components/@extended/CanAccess.tsx(139,23): error TS2503: Cannot find namespace 'React'.
apps/web/src/components/@extended/DataExportButton.tsx(3,26): error TS7016: Could not find a declaration file for module 'react'. '/workspace/node_modules/react/index.js' implicitly has an 'any' type.
  Try `npm i --save-dev @types/react` if it exists or add a new declaration (.d.ts) file containing `declare module 'react';`
apps/web/src/components/@extended/DataExportButton.tsx(6,20): error TS2307: Cannot find module '@mui/material/Button' or its corresponding type declarations.
apps/web/src/components/@extended/DataExportButton.tsx(7,24): error TS2307: Cannot find module '@mui/material/IconButton' or its corresponding type declarations.
apps/web/src/components/@extended/DataExportButton.tsx(8,21): error TS2307: Cannot find module '@mui/material/Tooltip' or its corresponding type declarations.
apps/web/src/components/@extended/DataExportButton.tsx(14,34): error TS2307: Cannot find module 'iconsax-react' or its corresponding type declarations.
apps/web/src/components/@extended/DataExportDialog.tsx(3,50): error TS7016: Could not find a declaration file for module 'react'. '/workspace/node_modules/react/index.js' implicitly has an 'any' type.
  Try `npm i --save-dev @types/react` if it exists or add a new declaration (.d.ts) file containing `declare module 'react';`
apps/web/src/components/@extended/DataExportDialog.tsx(6,26): error TS2307: Cannot find module '@mui/material/styles' or its corresponding type declarations.
apps/web/src/components/@extended/DataExportDialog.tsx(7,19): error TS2307: Cannot find module '@mui/material/Modal' or its corresponding type declarations.
apps/web/src/components/@extended/DataExportDialog.tsx(8,19): error TS2307: Cannot find module '@mui/material/Stack' or its corresponding type declarations.
apps/web/src/components/@extended/DataExportDialog.tsx(9,20): error TS2307: Cannot find module '@mui/material/Button' or its corresponding type declarations.
apps/web/src/components/@extended/DataExportDialog.tsx(10,21): error TS2307: Cannot find module '@mui/material/Divider' or its corresponding type declarations.
apps/web/src/components/@extended/DataExportDialog.tsx(11,24): error TS2307: Cannot find module '@mui/material/Typography' or its corresponding type declarations.
apps/web/src/components/@extended/DataExportDialog.tsx(12,25): error TS2307: Cannot find module '@mui/material/CardContent' or its corresponding type declarations.
apps/web/src/components/@extended/DataExportDialog.tsx(13,17): error TS2307: Cannot find module '@mui/material/Box' or its corresponding type declarations.
apps/web/src/components/@extended/DataExportDialog.tsx(14,23): error TS2307: Cannot find module '@mui/material/TextField' or its corresponding type declarations.
apps/web/src/components/@extended/DataExportDialog.tsx(15,25): error TS2307: Cannot find module '@mui/material/FormControl' or its corresponding type declarations.
apps/web/src/components/@extended/DataExportDialog.tsx(16,24): error TS2307: Cannot find module '@mui/material/InputLabel' or its corresponding type declarations.
apps/web/src/components/@extended/DataExportDialog.tsx(17,43): error TS2307: Cannot find module '@mui/material/Select' or its corresponding type declarations.
